#
# A fatal error has been detected by the Java Runtime Environment:
#
#  EXCEPTION_ACCESS_VIOLATION (0xc0000005) at pc=0x6d1668b0, pid=6400, tid=6476
#
# JRE version: 6.0_18-b07
# Java VM: Java HotSpot(TM) Client VM (16.0-b13 mixed mode, sharing windows-x86 )
# Problematic frame:
# C  [awt.dll+0xb68b0]
#
# If you would like to submit a bug report, please visit:
#   http://java.sun.com/webapps/bugreport/crash.jsp
# The crash happened outside the Java Virtual Machine in native code.
# See problematic frame for where to report the bug.
#

---------------  T H R E A D  ---------------

Current thread (0x03f24c00):  JavaThread "AWT-Windows" daemon [_thread_in_native, id=6476, stack(0x04340000,0x04390000)]

siginfo: ExceptionCode=0xc0000005, reading address 0x00000000

Registers:
EAX=0x0438f724, EBX=0x03f6cee8, ECX=0x0000023a, EDX=0x000000c0
ESP=0x0438f70c, EBP=0x0438f8b8, ESI=0x00000000, EDI=0x000000c0
EIP=0x6d1668b0, EFLAGS=0x00010216

Top of Stack: (sp=0x0438f70c)
0x0438f70c:   0438f724 00001000 00000500 03f6ccc8
0x0438f71c:   00000013 00000500 03f6ccc8 6d15eacb
0x0438f72c:   00000000 03f6501c 03f6ccc8 03f6ccc8
0x0438f73c:   0438f71c 0438f8b8 0000030a 00000500
0x0438f74c:   03f6ccc8 6d16249f 44a00000 44428000
0x0438f75c:   00000500 0000030a 03f65008 6d162f61
0x0438f76c:   6d1633fd 00000000 00000000 00000500
0x0438f77c:   00000013 00009824 03f24d10 00000001 

Instructions: (pc=0x6d1668b0)
0x6d1668a0:   05 00 20 00 00 50 c1 e2 05 8d 44 24 14 50 8b fa
0x6d1668b0:   8b 16 57 c1 e1 05 51 56 ff 52 2c 85 c0 0f 8c 93 


Stack: [0x04340000,0x04390000],  sp=0x0438f70c,  free space=13d0438f228k
Native frames: (J=compiled Java code, j=interpreted, Vv=VM code, C=native code)
C  [awt.dll+0xb68b0]
C  [awt.dll+0x9c4dc]
C  [USER32.dll+0x186ef]
C  [USER32.dll+0x18876]
C  [USER32.dll+0x170f4]
C  [USER32.dll+0x1738f]
C  [ntdll.dll+0x4642e]
C  [USER32.dll+0x192a9]

Java frames: (J=compiled Java code, j=interpreted, Vv=VM code)
j  sun.awt.windows.WToolkit.eventLoop()V+0
j  sun.awt.windows.WToolkit.run()V+77
j  java.lang.Thread.run()V+11
v  ~StubRoutines::call_stub

---------------  P R O C E S S  ---------------

Java Threads: ( => current thread )
  0x0708c000 JavaThread "TimerQueue" daemon [_thread_blocked, id=6584, stack(0x07410000,0x07460000)]
  0x07088800 JavaThread "D3D Screen Updater" daemon [_thread_blocked, id=6568, stack(0x06f30000,0x06f80000)]
  0x00cf9c00 JavaThread "DestroyJavaVM" [_thread_blocked, id=6432, stack(0x00270000,0x002c0000)]
  0x01a38c00 JavaThread "AWT-EventQueue-0" [_thread_in_native, id=6548, stack(0x06ee0000,0x06f30000)]
=>0x03f24c00 JavaThread "AWT-Windows" daemon [_thread_in_native, id=6476, stack(0x04340000,0x04390000)]
  0x03f24400 JavaThread "AWT-Shutdown" [_thread_blocked, id=6472, stack(0x042f0000,0x04340000)]
  0x03f21000 JavaThread "Java2D Disposer" daemon [_thread_in_native, id=6468, stack(0x042a0000,0x042f0000)]
  0x01a91400 JavaThread "Low Memory Detector" daemon [_thread_blocked, id=6460, stack(0x03dc0000,0x03e10000)]
  0x01a7b400 JavaThread "CompilerThread0" daemon [_thread_blocked, id=6456, stack(0x03d70000,0x03dc0000)]
  0x01a7a400 JavaThread "Attach Listener" daemon [_thread_blocked, id=6452, stack(0x03d20000,0x03d70000)]
  0x01a77800 JavaThread "Signal Dispatcher" daemon [_thread_blocked, id=6448, stack(0x03cd0000,0x03d20000)]
  0x01a36c00 JavaThread "Finalizer" daemon [_thread_blocked, id=6444, stack(0x03c80000,0x03cd0000)]
  0x01a32000 JavaThread "Reference Handler" daemon [_thread_blocked, id=6440, stack(0x03c30000,0x03c80000)]

Other Threads:
  0x01a30c00 VMThread [stack: 0x03be0000,0x03c30000] [id=6436]
  0x01aa5000 WatcherThread [stack: 0x03e10000,0x03e60000] [id=6464]

VM state:not at safepoint (normal execution)

VM Mutex/Monitor currently owned by a thread: None

Heap
 def new generation   total 4928K, used 3984K [0x23770000, 0x23cc0000, 0x28cc0000)
  eden space 4416K,  90% used [0x23770000, 0x23b53168, 0x23bc0000)
  from space 512K,   0% used [0x23c40000, 0x23c411d0, 0x23cc0000)
  to   space 512K,   0% used [0x23bc0000, 0x23bc0000, 0x23c40000)
 tenured generation   total 10944K, used 1093K [0x28cc0000, 0x29770000, 0x33770000)
   the space 10944K,   9% used [0x28cc0000, 0x28dd1518, 0x28dd1600, 0x29770000)
 compacting perm gen  total 12288K, used 375K [0x33770000, 0x34370000, 0x37770000)
   the space 12288K,   3% used [0x33770000, 0x337cdde0, 0x337cde00, 0x34370000)
    ro space 10240K,  54% used [0x37770000, 0x37ce8290, 0x37ce8400, 0x38170000)
    rw space 12288K,  55% used [0x38170000, 0x3880d1c0, 0x3880d200, 0x38d70000)

Dynamic libraries:
0x00400000 - 0x00424000 	C:\Program Files\Java\jdk1.6.0_18\bin\java.exe
0x77680000 - 0x777bc000 	C:\Windows\SYSTEM32\ntdll.dll
0x77050000 - 0x77124000 	C:\Windows\system32\kernel32.dll
0x759a0000 - 0x759ea000 	C:\Windows\system32\KERNELBASE.dll
0x771b0000 - 0x77250000 	C:\Windows\system32\ADVAPI32.dll
0x76d90000 - 0x76e3c000 	C:\Windows\system32\msvcrt.dll
0x75ed0000 - 0x75ee9000 	C:\Windows\SYSTEM32\sechost.dll
0x76fa0000 - 0x77041000 	C:\Windows\system32\RPCRT4.dll
0x7c340000 - 0x7c396000 	C:\Program Files\Java\jdk1.6.0_18\jre\bin\msvcr71.dll
0x6d8b0000 - 0x6db47000 	C:\Program Files\Java\jdk1.6.0_18\jre\bin\client\jvm.dll
0x76ed0000 - 0x76f99000 	C:\Windows\system32\USER32.dll
0x760f0000 - 0x7613e000 	C:\Windows\system32\GDI32.dll
0x75ad0000 - 0x75ada000 	C:\Windows\system32\LPK.dll
0x76050000 - 0x760ed000 	C:\Windows\system32\USP10.dll
0x73cf0000 - 0x73d22000 	C:\Windows\system32\WINMM.dll
0x77830000 - 0x7784f000 	C:\Windows\system32\IMM32.DLL
0x75e00000 - 0x75ecc000 	C:\Windows\system32\MSCTF.dll
0x75700000 - 0x7574b000 	C:\Windows\system32\apphelp.dll
0x6d860000 - 0x6d86c000 	C:\Program Files\Java\jdk1.6.0_18\jre\bin\verify.dll
0x6d3e0000 - 0x6d3ff000 	C:\Program Files\Java\jdk1.6.0_18\jre\bin\java.dll
0x6d340000 - 0x6d348000 	C:\Program Files\Java\jdk1.6.0_18\jre\bin\hpi.dll
0x75d60000 - 0x75d65000 	C:\Windows\system32\PSAPI.DLL
0x6d8a0000 - 0x6d8af000 	C:\Program Files\Java\jdk1.6.0_18\jre\bin\zip.dll
0x6d0b0000 - 0x6d1fa000 	C:\Program Files\Java\jdk1.6.0_18\jre\bin\awt.dll
0x71140000 - 0x71191000 	C:\Windows\system32\WINSPOOL.DRV
0x75ef0000 - 0x7604c000 	C:\Windows\system32\ole32.dll
0x74490000 - 0x7462e000 	C:\Windows\WinSxS\x86_microsoft.windows.common-controls_6595b64144ccf1df_6.0.7600.16385_none_421189da2b7fabfc\COMCTL32.dll
0x75af0000 - 0x75b47000 	C:\Windows\system32\SHLWAPI.dll
0x740f0000 - 0x74103000 	C:\Windows\system32\DWMAPI.DLL
0x74410000 - 0x74450000 	C:\Windows\system32\uxtheme.dll
0x62740000 - 0x6274a000 	C:\ProgramData\Real\RealPlayer\BrowserRecordPlugin\Chrome\Hook\rpchromebrowserrecordhelper.dll
0x7c3a0000 - 0x7c41b000 	C:\Windows\system32\MSVCP71.dll
0x76140000 - 0x76d89000 	C:\Windows\system32\SHELL32.dll
0x75750000 - 0x7575c000 	C:\Windows\system32\CRYPTBASE.dll
0x6d2e0000 - 0x6d334000 	C:\Program Files\Java\jdk1.6.0_18\jre\bin\fontmanager.dll
0x670d0000 - 0x67293000 	C:\Windows\system32\d3d9.dll
0x75240000 - 0x75249000 	C:\Windows\system32\VERSION.dll
0x6f510000 - 0x6f516000 	C:\Windows\system32\d3d8thk.dll
0x5bac0000 - 0x5bec5000 	C:\Windows\system32\atiumdag.dll
0x5b610000 - 0x5bab4000 	C:\Windows\system32\atiumdva.dll
0x6d6c0000 - 0x6d6d3000 	C:\Program Files\Java\jdk1.6.0_18\jre\bin\net.dll
0x777c0000 - 0x777f5000 	C:\Windows\system32\WS2_32.dll
0x75b50000 - 0x75b56000 	C:\Windows\system32\NSI.dll
0x1b590000 - 0x1b5ce000 	C:\PROGRA~1\SPEEDB~1\sblsp.dll
0x4f3b0000 - 0x4f3e0000 	C:\Program Files\SpeedBit Video Accelerator\ConfigDB.dll
0x75200000 - 0x7523c000 	C:\Windows\system32\mswsock.dll
0x751f0000 - 0x751f6000 	C:\Windows\System32\wship6.dll
0x06630000 - 0x06801000 	C:\Program Files\SpeedBit Video Accelerator\Accelerator.dll
0x76e40000 - 0x76ecf000 	C:\Windows\system32\OLEAUT32.dll
0x751d0000 - 0x751e7000 	C:\Windows\system32\USERENV.dll
0x757d0000 - 0x757db000 	C:\Windows\system32\profapi.dll
0x77440000 - 0x77534000 	C:\Windows\system32\WININET.dll
0x75ae0000 - 0x75ae3000 	C:\Windows\system32\Normaliz.dll
0x77540000 - 0x77675000 	C:\Windows\system32\urlmon.dll
0x75850000 - 0x7596c000 	C:\Windows\system32\CRYPT32.dll
0x75840000 - 0x7584c000 	C:\Windows\system32\MSASN1.dll
0x75b60000 - 0x75d59000 	C:\Windows\system32\iertutil.dll
0x756d0000 - 0x756ea000 	C:\Windows\system32\SspiCli.dll
0x6d6e0000 - 0x6d6e9000 	C:\Program Files\Java\jdk1.6.0_18\jre\bin\nio.dll
0x50a60000 - 0x50aa6000 	C:\Program Files\SpeedBit Video Accelerator\CommPipe.dll
0x750a0000 - 0x750e4000 	C:\Windows\system32\DNSAPI.dll
0x74e70000 - 0x74e8c000 	C:\Windows\system32\IPHLPAPI.DLL
0x74fa0000 - 0x74fa7000 	C:\Windows\system32\WINNSI.DLL
0x74e00000 - 0x74e38000 	C:\Windows\System32\fwpuclnt.dll
0x74df0000 - 0x74df6000 	C:\Windows\system32\rasadhlp.dll
0x74de0000 - 0x74de5000 	C:\Windows\System32\wshtcpip.dll
0x10a00000 - 0x10a34000 	C:\Program Files\SpeedBit Video Accelerator\Collector.dll
0x75d70000 - 0x75df3000 	C:\Windows\system32\CLBCatQ.DLL

VM Arguments:
jvm_args: -Dfile.encoding=UTF-8 
java_command: monografia.Main
Launcher Type: SUN_STANDARD

Environment Variables:
PATH=C:\Program Files\MiKTeX 2.7\miktex\bin;C:\Windows\system32;C:\Windows;C:\Windows\System32\Wbem;C:\Windows\System32\WindowsPowerShell\v1.0\;C:\Program Files\Common Files\Nero\Lib\
USERNAME=wagner
OS=Windows_NT
PROCESSOR_IDENTIFIER=x86 Family 17 Model 3 Stepping 1, AuthenticAMD



---------------  S Y S T E M  ---------------

OS: Windows 7 Build 7600 

CPU:total 2 (2 cores per cpu, 1 threads per core) family 17 model 3 stepping 1, cmov, cx8, fxsr, mmx, sse, sse2, sse3, mmxext, 3dnow, 3dnowext

Memory: 4k page, physical 2881368k(1123656k free), swap 5760972k(3451872k free)

vm_info: Java HotSpot(TM) Client VM (16.0-b13) for windows-x86 JRE (1.6.0_18-b07), built on Dec 17 2009 13:35:55 by "java_re" with MS VC++ 7.1 (VS2003)

time: Tue Oct 12 21:48:26 2010
elapsed time: 7260 seconds

